<?xml version="1.0" encoding="UTF-8"?>
<testng-results skipped="0" failed="1" ignored="0" total="5" passed="4">
  <reporter-output>
  </reporter-output>
  <suite name="Default suite" duration-ms="48047" started-at="2021-07-15T10:30:42Z" finished-at="2021-07-15T10:31:31Z">
    <groups>
    </groups>
    <test name="Default test" duration-ms="48047" started-at="2021-07-15T10:30:42Z" finished-at="2021-07-15T10:31:31Z">
      <class name="igt.selenium4.poc.EVisaSampleTestCases">
        <test-method status="PASS" signature="setUp()[pri:0, instance:igt.selenium4.poc.EVisaSampleTestCases@553f17c]" name="setUp" is-config="true" duration-ms="35180" started-at="2021-07-15T10:30:44Z" finished-at="2021-07-15T10:31:19Z">
          <reporter-output>
          </reporter-output>
        </test-method> <!-- setUp -->
        <test-method status="PASS" signature="checkContactUs()[pri:1, instance:igt.selenium4.poc.EVisaSampleTestCases@553f17c]" name="checkContactUs" duration-ms="193" started-at="2021-07-15T10:31:19Z" description="Test to check contact status" finished-at="2021-07-15T10:31:19Z">
          <reporter-output>
          </reporter-output>
        </test-method> <!-- checkContactUs -->
        <test-method status="PASS" signature="eVisaHomePageTitle()[pri:2, instance:igt.selenium4.poc.EVisaSampleTestCases@553f17c]" name="eVisaHomePageTitle" duration-ms="14" started-at="2021-07-15T10:31:20Z" description="Home page title for eVisa" finished-at="2021-07-15T10:31:20Z">
          <reporter-output>
          </reporter-output>
        </test-method> <!-- eVisaHomePageTitle -->
        <test-method status="FAIL" signature="loginButtonDisplay()[pri:3, instance:igt.selenium4.poc.EVisaSampleTestCases@553f17c]" name="loginButtonDisplay" duration-ms="10247" started-at="2021-07-15T10:31:20Z" description="Login Button link check" finished-at="2021-07-15T10:31:30Z">
          <exception class="org.openqa.selenium.NoSuchElementException">
            <message>
              <![CDATA[no such element: Unable to locate element: {"method":"link text","selector":"Loginn"}
  (Session info: chrome=91.0.4472.124)
For documentation on this error, please visit: https://www.seleniumhq.org/exceptions/no_such_element.html
Build info: version: '3.141.59', revision: 'e82be7d358', time: '2018-11-14T08:17:03'
System info: host: 'MANDEEP-PC', ip: '172.20.96.1', os.name: 'Windows 10', os.arch: 'amd64', os.version: '10.0', java.version: '1.8.0_202'
Driver info: org.openqa.selenium.chrome.ChromeDriver
Capabilities {acceptInsecureCerts: false, browserName: chrome, browserVersion: 91.0.4472.124, chrome: {chromedriverVersion: 91.0.4472.101 (af52a90bf870..., userDataDir: C:\Users\Mandeep\AppData\Lo...}, goog:chromeOptions: {debuggerAddress: localhost:61690}, javascriptEnabled: true, networkConnectionEnabled: false, pageLoadStrategy: normal, platform: WINDOWS, platformName: WINDOWS, proxy: Proxy(), setWindowRect: true, strictFileInteractability: false, timeouts: {implicit: 0, pageLoad: 300000, script: 30000}, unhandledPromptBehavior: dismiss and notify, webauthn:extension:largeBlob: true, webauthn:virtualAuthenticators: true}
Session ID: 1e37524af39938999cb174b754b1cb72
*** Element info: {Using=link text, value=Loginn}]]>
            </message>
            <full-stacktrace>
              <![CDATA[org.openqa.selenium.NoSuchElementException: no such element: Unable to locate element: {"method":"link text","selector":"Loginn"}
  (Session info: chrome=91.0.4472.124)
For documentation on this error, please visit: https://www.seleniumhq.org/exceptions/no_such_element.html
Build info: version: '3.141.59', revision: 'e82be7d358', time: '2018-11-14T08:17:03'
System info: host: 'MANDEEP-PC', ip: '172.20.96.1', os.name: 'Windows 10', os.arch: 'amd64', os.version: '10.0', java.version: '1.8.0_202'
Driver info: org.openqa.selenium.chrome.ChromeDriver
Capabilities {acceptInsecureCerts: false, browserName: chrome, browserVersion: 91.0.4472.124, chrome: {chromedriverVersion: 91.0.4472.101 (af52a90bf870..., userDataDir: C:\Users\Mandeep\AppData\Lo...}, goog:chromeOptions: {debuggerAddress: localhost:61690}, javascriptEnabled: true, networkConnectionEnabled: false, pageLoadStrategy: normal, platform: WINDOWS, platformName: WINDOWS, proxy: Proxy(), setWindowRect: true, strictFileInteractability: false, timeouts: {implicit: 0, pageLoad: 300000, script: 30000}, unhandledPromptBehavior: dismiss and notify, webauthn:extension:largeBlob: true, webauthn:virtualAuthenticators: true}
Session ID: 1e37524af39938999cb174b754b1cb72
*** Element info: {Using=link text, value=Loginn}
at sun.reflect.NativeConstructorAccessorImpl.newInstance0(Native Method)
at sun.reflect.NativeConstructorAccessorImpl.newInstance(NativeConstructorAccessorImpl.java:62)
at sun.reflect.DelegatingConstructorAccessorImpl.newInstance(DelegatingConstructorAccessorImpl.java:45)
at java.lang.reflect.Constructor.newInstance(Constructor.java:423)
at org.openqa.selenium.remote.http.W3CHttpResponseCodec.createException(W3CHttpResponseCodec.java:187)
at org.openqa.selenium.remote.http.W3CHttpResponseCodec.decode(W3CHttpResponseCodec.java:122)
at org.openqa.selenium.remote.http.W3CHttpResponseCodec.decode(W3CHttpResponseCodec.java:49)
at org.openqa.selenium.remote.HttpCommandExecutor.execute(HttpCommandExecutor.java:158)
at org.openqa.selenium.remote.service.DriverCommandExecutor.execute(DriverCommandExecutor.java:83)
at org.openqa.selenium.remote.RemoteWebDriver.execute(RemoteWebDriver.java:552)
at org.openqa.selenium.remote.RemoteWebDriver.findElement(RemoteWebDriver.java:323)
at org.openqa.selenium.remote.RemoteWebDriver.findElementByLinkText(RemoteWebDriver.java:380)
at org.openqa.selenium.By$ByLinkText.findElement(By.java:220)
at org.openqa.selenium.remote.RemoteWebDriver.findElement(RemoteWebDriver.java:315)
at igt.selenium4.poc.EVisaSampleTestCases.loginButtonDisplay(EVisaSampleTestCases.java:40)
at sun.reflect.NativeMethodAccessorImpl.invoke0(Native Method)
at sun.reflect.NativeMethodAccessorImpl.invoke(NativeMethodAccessorImpl.java:62)
at sun.reflect.DelegatingMethodAccessorImpl.invoke(DelegatingMethodAccessorImpl.java:43)
at java.lang.reflect.Method.invoke(Method.java:498)
at org.testng.internal.MethodInvocationHelper.invokeMethod(MethodInvocationHelper.java:124)
at org.testng.internal.Invoker.invokeMethod(Invoker.java:583)
at org.testng.internal.Invoker.invokeTestMethod(Invoker.java:719)
at org.testng.internal.Invoker.invokeTestMethods(Invoker.java:989)
at org.testng.internal.TestMethodWorker.invokeTestMethods(TestMethodWorker.java:125)
at org.testng.internal.TestMethodWorker.run(TestMethodWorker.java:109)
at org.testng.TestRunner.privateRun(TestRunner.java:648)
at org.testng.TestRunner.run(TestRunner.java:505)
at org.testng.SuiteRunner.runTest(SuiteRunner.java:455)
at org.testng.SuiteRunner.runSequentially(SuiteRunner.java:450)
at org.testng.SuiteRunner.privateRun(SuiteRunner.java:415)
at org.testng.SuiteRunner.run(SuiteRunner.java:364)
at org.testng.SuiteRunnerWorker.runSuite(SuiteRunnerWorker.java:52)
at org.testng.SuiteRunnerWorker.run(SuiteRunnerWorker.java:84)
at org.testng.TestNG.runSuitesSequentially(TestNG.java:1208)
at org.testng.TestNG.runSuitesLocally(TestNG.java:1137)
at org.testng.TestNG.runSuites(TestNG.java:1049)
at org.testng.TestNG.run(TestNG.java:1017)
at org.testng.remote.AbstractRemoteTestNG.run(AbstractRemoteTestNG.java:114)
at org.testng.remote.RemoteTestNG.initAndRun(RemoteTestNG.java:251)
at org.testng.remote.RemoteTestNG.main(RemoteTestNG.java:77)
]]>
            </full-stacktrace>
          </exception> <!-- org.openqa.selenium.NoSuchElementException -->
          <reporter-output>
          </reporter-output>
        </test-method> <!-- loginButtonDisplay -->
        <test-method status="PASS" signature="loginFooterLink()[pri:4, instance:igt.selenium4.poc.EVisaSampleTestCases@553f17c]" name="loginFooterLink" duration-ms="153" started-at="2021-07-15T10:31:30Z" description="Footer link check" finished-at="2021-07-15T10:31:30Z">
          <reporter-output>
          </reporter-output>
        </test-method> <!-- loginFooterLink -->
        <test-method status="PASS" signature="trackAppWithStatus()[pri:5, instance:igt.selenium4.poc.EVisaSampleTestCases@553f17c]" name="trackAppWithStatus" duration-ms="98" started-at="2021-07-15T10:31:30Z" description="Liferay screen-Check Application status" finished-at="2021-07-15T10:31:31Z">
          <reporter-output>
          </reporter-output>
        </test-method> <!-- trackAppWithStatus -->
      </class> <!-- igt.selenium4.poc.EVisaSampleTestCases -->
    </test> <!-- Default test -->
  </suite> <!-- Default suite -->
</testng-results>
